2025-05-30 17:22:18 [main] INFO  base.BaseClass - Log File Cleaned : logs/automation.log
2025-05-30 17:22:19 [TestNG-tests-1] INFO  stepdefinitions.Hooks - Starting Scenario: View a user-----------
2025-05-30 17:22:35 [TestNG-tests-1] INFO  pages.SessionHandlingPage - No Session Conflict Detected
2025-05-30 17:22:35 [TestNG-tests-1] INFO  functions.CommonFunctions - Verify Login Success for role :null
2025-05-30 17:22:35 [TestNG-tests-1] INFO  functions.CommonFunctions - Page Title After Login for role null : Warehouse Management System
2025-05-30 17:22:48 [TestNG-tests-1] INFO  stepdefinitions.Hooks - Ending Scenario: View a user -----------
2025-05-30 17:22:48 [TestNG-tests-1] INFO  stepdefinitions.Hooks - Starting Scenario: Successfully add a new user by Super Admin-----------
2025-05-30 17:23:03 [TestNG-tests-1] INFO  pages.SessionHandlingPage - No Session Conflict Detected
2025-05-30 17:23:03 [TestNG-tests-1] INFO  functions.CommonFunctions - Verify Login Success for role :null
2025-05-30 17:23:03 [TestNG-tests-1] INFO  functions.CommonFunctions - Page Title After Login for role null : Warehouse Management System
2025-05-30 17:23:14 [TestNG-tests-1] INFO  stepdefinitions.Hooks - Ending Scenario: Successfully add a new user by Super Admin -----------
2025-05-30 17:23:14 [TestNG-tests-1] INFO  stepdefinitions.Hooks - Starting Scenario: Successfully suspend an active user-----------
2025-05-30 17:23:29 [TestNG-tests-1] INFO  pages.SessionHandlingPage - No Session Conflict Detected
2025-05-30 17:23:29 [TestNG-tests-1] INFO  functions.CommonFunctions - Verify Login Success for role :null
2025-05-30 17:23:29 [TestNG-tests-1] INFO  functions.CommonFunctions - Page Title After Login for role null : Warehouse Management System
2025-05-30 17:23:35 [TestNG-tests-1] INFO  stepdefinitions.Hooks - Ending Scenario: Successfully suspend an active user -----------
2025-05-30 17:23:36 [TestNG-tests-1] INFO  stepdefinitions.Hooks - Starting Scenario: Successfully update the user by Client Admin-----------
2025-05-30 17:23:50 [TestNG-tests-1] INFO  pages.SessionHandlingPage - No Session Conflict Detected
2025-05-30 17:23:50 [TestNG-tests-1] INFO  functions.CommonFunctions - Verify Login Success for role :null
2025-05-30 17:23:50 [TestNG-tests-1] INFO  functions.CommonFunctions - Page Title After Login for role null : Warehouse Management System
2025-05-30 17:23:51 [TestNG-tests-1] INFO  stepdefinitions.Hooks - Ending Scenario: Successfully update the user by Client Admin -----------
2025-05-30 18:07:33 [main] INFO  stepdefinitions.Hooks - Starting Scenario: View a user-----------
2025-05-30 18:08:31 [main] INFO  stepdefinitions.Hooks - Ending Scenario: View a user -----------
